Flow report for pipemult2
Fri Apr 17 23:30:17 2020
Quartus Prime Version 18.1.0 Build 625 09/12/2018 SJ Lite Edition


---------------------
; Table of Contents ;
---------------------
  1. Legal Notice
  2. Flow Summary
  3. Flow Settings
  4. Flow Non-Default Global Settings
  5. Flow Elapsed Time
  6. Flow OS Summary
  7. Flow Log
  8. Flow Messages
  9. Flow Suppressed Messages



----------------
; Legal Notice ;
----------------
Copyright (C) 2018  Intel Corporation. All rights reserved.
Your use of Intel Corporation's design tools, logic functions 
and other software and tools, and its AMPP partner logic 
functions, and any output files from any of the foregoing 
(including device programming or simulation files), and any 
associated documentation or information are expressly subject 
to the terms and conditions of the Intel Program License 
Subscription Agreement, the Intel Quartus Prime License Agreement,
the Intel FPGA IP License Agreement, or other applicable license
agreement, including, without limitation, that your use is for
the sole purpose of programming logic devices manufactured by
Intel and sold by Intel or its authorized distributors.  Please
refer to the applicable agreement for further details.



+----------------------------------------------------------------------------------+
; Flow Summary                                                                     ;
+------------------------------------+---------------------------------------------+
; Flow Status                        ; Successful - Fri Apr 17 23:30:17 2020       ;
; Quartus Prime Version              ; 18.1.0 Build 625 09/12/2018 SJ Lite Edition ;
; Revision Name                      ; pipemult2                                   ;
; Top-level Entity Name              ; pipemult                                    ;
; Family                             ; MAX 10                                      ;
; Device                             ; 10M08DAF484C8GES                            ;
; Timing Models                      ; Preliminary                                 ;
; Total logic elements               ; 640 / 8,064 ( 8 % )                         ;
;     Total combinational functions  ; 522 / 8,064 ( 6 % )                         ;
;     Dedicated logic registers      ; 351 / 8,064 ( 4 % )                         ;
; Total registers                    ; 358                                         ;
; Total pins                         ; 167 / 250 ( 67 % )                          ;
; Total virtual pins                 ; 0                                           ;
; Total memory bits                  ; 512 / 387,072 ( < 1 % )                     ;
; Embedded Multiplier 9-bit elements ; 1 / 48 ( 2 % )                              ;
; Total PLLs                         ; 0 / 2 ( 0 % )                               ;
; UFM blocks                         ; 0 / 1 ( 0 % )                               ;
; ADC blocks                         ; 0 / 1 ( 0 % )                               ;
+------------------------------------+---------------------------------------------+


+-----------------------------------------+
; Flow Settings                           ;
+-------------------+---------------------+
; Option            ; Setting             ;
+-------------------+---------------------+
; Start date & time ; 04/17/2020 23:29:00 ;
; Main task         ; Compilation         ;
; Revision Name     ; pipemult2           ;
+-------------------+---------------------+


+------------------------------------------------------------------------------------------------------------------------------+
; Flow Non-Default Global Settings                                                                                             ;
+--------------------------------------+----------------------------------------+---------------+-------------+----------------+
; Assignment Name                      ; Value                                  ; Default Value ; Entity Name ; Section Id     ;
+--------------------------------------+----------------------------------------+---------------+-------------+----------------+
; COMPILER_SIGNATURE_ID                ; 13870904652424.158714633910684         ; --            ; --          ; --             ;
; EDA_OUTPUT_DATA_FORMAT               ; Vhdl                                   ; --            ; --          ; eda_simulation ;
; EDA_SIMULATION_TOOL                  ; ModelSim-Altera (VHDL)                 ; <None>        ; --          ; --             ;
; EDA_TIME_SCALE                       ; 1 ps                                   ; --            ; --          ; eda_simulation ;
; FITTER_EFFORT                        ; Standard Fit                           ; Auto Fit      ; --          ; --             ;
; FLOW_ENABLE_POWER_ANALYZER           ; On                                     ; Off           ; --          ; --             ;
; MAX_CORE_JUNCTION_TEMP               ; 85                                     ; --            ; --          ; --             ;
; MIN_CORE_JUNCTION_TEMP               ; 0                                      ; --            ; --          ; --             ;
; MISC_FILE                            ; mult.bsf                               ; --            ; --          ; --             ;
; MISC_FILE                            ; SQRT.bsf                               ; --            ; --          ; --             ;
; MISC_FILE                            ; SQRT_bb.v                              ; --            ; --          ; --             ;
; MISC_FILE                            ; SQRT.cmp                               ; --            ; --          ; --             ;
; MUX_RESTRUCTURE                      ; Off                                    ; Auto          ; --          ; --             ;
; OPTIMIZATION_MODE                    ; Aggressive Performance                 ; Balanced      ; --          ; --             ;
; PARTITION_COLOR                      ; -- (Not supported for targeted family) ; --            ; pipemult    ; Top            ;
; PARTITION_FITTER_PRESERVATION_LEVEL  ; -- (Not supported for targeted family) ; --            ; pipemult    ; Top            ;
; PARTITION_NETLIST_TYPE               ; -- (Not supported for targeted family) ; --            ; pipemult    ; Top            ;
; PHYSICAL_SYNTHESIS_COMBO_LOGIC       ; On                                     ; Off           ; --          ; --             ;
; PHYSICAL_SYNTHESIS_REGISTER_RETIMING ; On                                     ; Off           ; --          ; --             ;
; PLACEMENT_EFFORT_MULTIPLIER          ; 4.0                                    ; 1.0           ; --          ; --             ;
; POWER_BOARD_THERMAL_MODEL            ; None (CONSERVATIVE)                    ; --            ; --          ; --             ;
; POWER_PRESET_COOLING_SOLUTION        ; 23 MM HEAT SINK WITH 200 LFPM AIRFLOW  ; --            ; --          ; --             ;
; POWER_USE_DEVICE_CHARACTERISTICS     ; MAXIMUM                                ; TYPICAL       ; --          ; --             ;
; PROJECT_OUTPUT_DIRECTORY             ; output_files                           ; --            ; --          ; --             ;
; ROUTER_TIMING_OPTIMIZATION_LEVEL     ; MAXIMUM                                ; Normal        ; --          ; --             ;
; TOP_LEVEL_ENTITY                     ; pipemult                               ; pipemult2     ; --          ; --             ;
+--------------------------------------+----------------------------------------+---------------+-------------+----------------+


+--------------------------------------------------------------------------------------------------------------------------+
; Flow Elapsed Time                                                                                                        ;
+----------------------+--------------+-------------------------+---------------------+------------------------------------+
; Module Name          ; Elapsed Time ; Average Processors Used ; Peak Virtual Memory ; Total CPU Time (on all processors) ;
+----------------------+--------------+-------------------------+---------------------+------------------------------------+
; Analysis & Synthesis ; 00:00:14     ; 1.0                     ; 4863 MB             ; 00:00:26                           ;
; Fitter               ; 00:00:48     ; 1.1                     ; 5544 MB             ; 00:01:04                           ;
; Assembler            ; 00:00:02     ; 1.0                     ; 4669 MB             ; 00:00:01                           ;
; Power Analyzer       ; 00:00:04     ; 1.4                     ; 4802 MB             ; 00:00:04                           ;
; Timing Analyzer      ; 00:00:04     ; 1.5                     ; 4771 MB             ; 00:00:05                           ;
; EDA Netlist Writer   ; 00:00:01     ; 1.0                     ; 4660 MB             ; 00:00:01                           ;
; Total                ; 00:01:13     ; --                      ; --                  ; 00:01:41                           ;
+----------------------+--------------+-------------------------+---------------------+------------------------------------+


+------------------------------------------------------------------------------------+
; Flow OS Summary                                                                    ;
+----------------------+------------------+------------+------------+----------------+
; Module Name          ; Machine Hostname ; OS Name    ; OS Version ; Processor type ;
+----------------------+------------------+------------+------------+----------------+
; Analysis & Synthesis ; LAPTOP-R24MQ94K  ; Windows 10 ; 10.0       ; x86_64         ;
; Fitter               ; LAPTOP-R24MQ94K  ; Windows 10 ; 10.0       ; x86_64         ;
; Assembler            ; LAPTOP-R24MQ94K  ; Windows 10 ; 10.0       ; x86_64         ;
; Power Analyzer       ; LAPTOP-R24MQ94K  ; Windows 10 ; 10.0       ; x86_64         ;
; Timing Analyzer      ; LAPTOP-R24MQ94K  ; Windows 10 ; 10.0       ; x86_64         ;
; EDA Netlist Writer   ; LAPTOP-R24MQ94K  ; Windows 10 ; 10.0       ; x86_64         ;
+----------------------+------------------+------------+------------+----------------+


------------
; Flow Log ;
------------
quartus_map --read_settings_files=on --write_settings_files=off pipemult -c pipemult2
quartus_fit --read_settings_files=off --write_settings_files=off pipemult -c pipemult2
quartus_asm --read_settings_files=off --write_settings_files=off pipemult -c pipemult2
quartus_pow --read_settings_files=off --write_settings_files=off pipemult -c pipemult2
quartus_sta pipemult -c pipemult2
quartus_eda --read_settings_files=off --write_settings_files=off pipemult -c pipemult2



